{
  "RSpec": {
    "coverage": {
      "C:/Users/krist/Documents/Documents/Kristiina/Kurssit/Web-palvelinohjelmointi Ruby on Rails/ratebeer/app/helpers/application_helper.rb": {
        "lines": [
          1,
          null
        ]
      },
      "C:/Users/krist/Documents/Documents/Kristiina/Kurssit/Web-palvelinohjelmointi Ruby on Rails/ratebeer/app/helpers/beerclubs_helper.rb": {
        "lines": [
          1,
          null
        ]
      },
      "C:/Users/krist/Documents/Documents/Kristiina/Kurssit/Web-palvelinohjelmointi Ruby on Rails/ratebeer/app/helpers/beers_helper.rb": {
        "lines": [
          1,
          null
        ]
      },
      "C:/Users/krist/Documents/Documents/Kristiina/Kurssit/Web-palvelinohjelmointi Ruby on Rails/ratebeer/app/helpers/breweries_helper.rb": {
        "lines": [
          1,
          null
        ]
      },
      "C:/Users/krist/Documents/Documents/Kristiina/Kurssit/Web-palvelinohjelmointi Ruby on Rails/ratebeer/app/helpers/memberships_helper.rb": {
        "lines": [
          1,
          null
        ]
      },
      "C:/Users/krist/Documents/Documents/Kristiina/Kurssit/Web-palvelinohjelmointi Ruby on Rails/ratebeer/app/helpers/users_helper.rb": {
        "lines": [
          1,
          null
        ]
      },
      "C:/Users/krist/Documents/Documents/Kristiina/Kurssit/Web-palvelinohjelmointi Ruby on Rails/ratebeer/app/models/beer.rb": {
        "lines": [
          1,
          1,
          1,
          1,
          null,
          1,
          1,
          null,
          1,
          2,
          null,
          null
        ]
      },
      "C:/Users/krist/Documents/Documents/Kristiina/Kurssit/Web-palvelinohjelmointi Ruby on Rails/ratebeer/app/models/application_record.rb": {
        "lines": [
          1,
          1,
          null
        ]
      },
      "C:/Users/krist/Documents/Documents/Kristiina/Kurssit/Web-palvelinohjelmointi Ruby on Rails/ratebeer/app/models/user.rb": {
        "lines": [
          1,
          1,
          null,
          1,
          1,
          1,
          null,
          1,
          36,
          36,
          36,
          null,
          8,
          null,
          null,
          1,
          1,
          1,
          1,
          null,
          1,
          3,
          null,
          2,
          null,
          null,
          1,
          16,
          null,
          8,
          18,
          8,
          null,
          null,
          1,
          19,
          null,
          11,
          36,
          11,
          null,
          null
        ]
      },
      "C:/Users/krist/Documents/Documents/Kristiina/Kurssit/Web-palvelinohjelmointi Ruby on Rails/ratebeer/app/models/brewery.rb": {
        "lines": [
          1,
          1,
          1,
          null,
          1,
          null,
          null,
          1,
          null,
          1,
          null,
          1,
          46,
          null,
          0,
          null,
          null
        ]
      },
      "C:/Users/krist/Documents/Documents/Kristiina/Kurssit/Web-palvelinohjelmointi Ruby on Rails/ratebeer/app/controllers/sessions_controller.rb": {
        "lines": [
          1,
          1,
          null,
          null,
          null,
          1,
          7,
          7,
          6,
          6,
          null,
          1,
          null,
          null,
          null,
          1,
          null,
          0,
          null,
          0,
          null,
          null
        ]
      },
      "C:/Users/krist/Documents/Documents/Kristiina/Kurssit/Web-palvelinohjelmointi Ruby on Rails/ratebeer/app/controllers/application_controller.rb": {
        "lines": [
          1,
          1,
          null,
          1,
          126,
          null,
          82,
          null,
          null,
          1,
          4,
          null,
          null
        ]
      },
      "C:/Users/krist/Documents/Documents/Kristiina/Kurssit/Web-palvelinohjelmointi Ruby on Rails/ratebeer/app/controllers/users_controller.rb": {
        "lines": [
          1,
          1,
          null,
          null,
          1,
          0,
          null,
          null,
          null,
          1,
          null,
          null,
          null,
          1,
          1,
          null,
          null,
          null,
          1,
          null,
          null,
          null,
          1,
          1,
          null,
          1,
          1,
          2,
          1,
          null,
          0,
          0,
          null,
          null,
          null,
          null,
          null,
          1,
          0,
          0,
          0,
          0,
          null,
          0,
          0,
          null,
          null,
          null,
          null,
          null,
          1,
          0,
          null,
          0,
          0,
          null,
          0,
          0,
          0,
          null,
          null,
          null,
          1,
          null,
          null,
          1,
          10,
          null,
          null,
          null,
          1,
          1,
          null,
          null
        ]
      },
      "C:/Users/krist/Documents/Documents/Kristiina/Kurssit/Web-palvelinohjelmointi Ruby on Rails/ratebeer/app/models/rating.rb": {
        "lines": [
          1,
          1,
          1,
          null,
          1,
          null,
          null,
          null,
          1,
          0,
          null,
          null
        ]
      },
      "C:/Users/krist/Documents/Documents/Kristiina/Kurssit/Web-palvelinohjelmointi Ruby on Rails/ratebeer/app/models/membership.rb": {
        "lines": [
          1,
          1,
          1,
          null
        ]
      },
      "C:/Users/krist/Documents/Documents/Kristiina/Kurssit/Web-palvelinohjelmointi Ruby on Rails/ratebeer/app/models/beerclub.rb": {
        "lines": [
          1,
          1,
          1,
          null
        ]
      },
      "C:/Users/krist/Documents/Documents/Kristiina/Kurssit/Web-palvelinohjelmointi Ruby on Rails/ratebeer/app/controllers/beers_controller.rb": {
        "lines": [
          1,
          1,
          1,
          null,
          null,
          1,
          1,
          null,
          null,
          null,
          1,
          null,
          null,
          null,
          1,
          2,
          2,
          null,
          null,
          null,
          1,
          0,
          null,
          null,
          null,
          1,
          2,
          null,
          2,
          2,
          2,
          1,
          null,
          1,
          2,
          1,
          null,
          null,
          null,
          null,
          null,
          1,
          0,
          0,
          0,
          0,
          null,
          0,
          0,
          null,
          null,
          null,
          null,
          null,
          1,
          0,
          null,
          0,
          0,
          0,
          null,
          null,
          null,
          1,
          null,
          null,
          1,
          0,
          null,
          null,
          null,
          1,
          2,
          null,
          null,
          1,
          3,
          3,
          null,
          null
        ]
      },
      "C:/Users/krist/Documents/Documents/Kristiina/Kurssit/Web-palvelinohjelmointi Ruby on Rails/ratebeer/app/controllers/breweries_controller.rb": {
        "lines": [
          1,
          1,
          1,
          null,
          null,
          1,
          3,
          null,
          null,
          null,
          1,
          null,
          null,
          null,
          1,
          0,
          null,
          null,
          null,
          1,
          null,
          null,
          null,
          1,
          0,
          null,
          0,
          0,
          0,
          0,
          null,
          0,
          0,
          null,
          null,
          null,
          null,
          null,
          1,
          0,
          0,
          0,
          0,
          null,
          0,
          0,
          null,
          null,
          null,
          null,
          null,
          1,
          0,
          null,
          0,
          0,
          0,
          null,
          null,
          null,
          1,
          null,
          null,
          1,
          1,
          null,
          null,
          null,
          1,
          0,
          null,
          null
        ]
      },
      "C:/Users/krist/Documents/Documents/Kristiina/Kurssit/Web-palvelinohjelmointi Ruby on Rails/ratebeer/app/controllers/ratings_controller.rb": {
        "lines": [
          1,
          1,
          1,
          null,
          null,
          1,
          1,
          1,
          null,
          null,
          1,
          1,
          1,
          null,
          1,
          1,
          null,
          0,
          0,
          null,
          null,
          null,
          1,
          0,
          0,
          0,
          null,
          null
        ]
      },
      "C:/Users/krist/Documents/Documents/Kristiina/Kurssit/Web-palvelinohjelmointi Ruby on Rails/ratebeer/app/channels/application_cable/channel.rb": {
        "lines": [
          0,
          0,
          0,
          0
        ],
        "branches": {
        }
      },
      "C:/Users/krist/Documents/Documents/Kristiina/Kurssit/Web-palvelinohjelmointi Ruby on Rails/ratebeer/app/channels/application_cable/connection.rb": {
        "lines": [
          0,
          0,
          0,
          0
        ],
        "branches": {
        }
      },
      "C:/Users/krist/Documents/Documents/Kristiina/Kurssit/Web-palvelinohjelmointi Ruby on Rails/ratebeer/app/controllers/beerclubs_controller.rb": {
        "lines": [
          0,
          0,
          0,
          null,
          null,
          0,
          0,
          0,
          null,
          null,
          0,
          0,
          null,
          null,
          0,
          0,
          0,
          null,
          null,
          0,
          0,
          null,
          null,
          0,
          0,
          null,
          0,
          0,
          0,
          0,
          0,
          0,
          0,
          0,
          0,
          0,
          null,
          null,
          0,
          0,
          0,
          0,
          0,
          0,
          0,
          0,
          0,
          0,
          0,
          null,
          null,
          0,
          0,
          null,
          0,
          0,
          0,
          0,
          0,
          null,
          0,
          null,
          null,
          0,
          0,
          0,
          null,
          null,
          0,
          0,
          0,
          0
        ],
        "branches": {
        }
      },
      "C:/Users/krist/Documents/Documents/Kristiina/Kurssit/Web-palvelinohjelmointi Ruby on Rails/ratebeer/app/controllers/memberships_controller.rb": {
        "lines": [
          0,
          0,
          null,
          null,
          0,
          0,
          0,
          null,
          null,
          0,
          0,
          null,
          null,
          0,
          0,
          null,
          0,
          0,
          null,
          null,
          0,
          0,
          null,
          null,
          0,
          0,
          0,
          0,
          0,
          null,
          0,
          0,
          0,
          0,
          0,
          0,
          0,
          0,
          0,
          0,
          0,
          null,
          null,
          0,
          0,
          0,
          0,
          0,
          0,
          0,
          0,
          0,
          0,
          0,
          null,
          null,
          0,
          0,
          null,
          0,
          0,
          0,
          0,
          0,
          null,
          0,
          null,
          null,
          0,
          0,
          0,
          null,
          null,
          0,
          0,
          0,
          0
        ],
        "branches": {
        }
      },
      "C:/Users/krist/Documents/Documents/Kristiina/Kurssit/Web-palvelinohjelmointi Ruby on Rails/ratebeer/app/jobs/application_job.rb": {
        "lines": [
          0,
          null,
          null,
          null,
          null,
          null,
          0
        ],
        "branches": {
        }
      },
      "C:/Users/krist/Documents/Documents/Kristiina/Kurssit/Web-palvelinohjelmointi Ruby on Rails/ratebeer/app/mailers/application_mailer.rb": {
        "lines": [
          0,
          0,
          0,
          0
        ],
        "branches": {
        }
      }
    },
    "timestamp": 1672328883
  }
}
